[0904/111516.831:INFO:CONSOLE(150)] "Event handler of 'x-storagemutated-1' event must be added on the initial evaluation of worker script.", source: https://static.whatsapp.net/rsrc.php/v3/yl/r/IZMIERDuVpC.js?_nc_x=Ij3Wp8lg5Kz (150)
[0904/111517.005:INFO:CONSOLE(0)] "Error with Permissions-Policy header: Feature xr-spatial-tracking's parameters are ignored.", source:  (0)
[0904/111517.005:INFO:CONSOLE(0)] "Error with Permissions-Policy header: Origin trial controlled feature not enabled: 'attribution-reporting'.", source:  (0)
[0904/111517.005:INFO:CONSOLE(0)] "Error with Permissions-Policy header: Unrecognized feature: 'compute-pressure'.", source:  (0)
[0904/111517.006:INFO:CONSOLE(0)] "Error with Permissions-Policy header: Origin trial controlled feature not enabled: 'interest-cohort'.", source:  (0)
[0904/111517.006:INFO:CONSOLE(0)] "Error with Permissions-Policy header: Unrecognized feature: 'private-state-token-issuance'.", source:  (0)
[0904/111517.006:INFO:CONSOLE(0)] "Error with Permissions-Policy header: Origin trial controlled feature not enabled: 'shared-storage'.", source:  (0)
[0904/111517.006:INFO:CONSOLE(0)] "Error with Permissions-Policy header: Unrecognized feature: 'shared-storage-select-url'.", source:  (0)
[0904/111517.006:INFO:CONSOLE(0)] "Error with Permissions-Policy header: Unrecognized feature: 'private-state-token-redemption'.", source:  (0)
[0904/111517.006:INFO:CONSOLE(0)] "Error with Permissions-Policy header: Unrecognized feature: 'unload'.", source:  (0)
[0904/111517.006:INFO:CONSOLE(0)] "Error with Permissions-Policy header: Unrecognized feature: 'window-management'.", source:  (0)
[0904/111520.481:INFO:CONSOLE(342)] "WAWebLoggerWorker initialized", source: https://static.whatsapp.net/rsrc.php/v3/yl/r/T-dLJdg-jrQ.js?_nc_x=Ij3Wp8lg5Kz (342)
[0904/111520.481:INFO:CONSOLE(342)] "[storage] start setSchemaVersions from fts worker interface", source: https://static.whatsapp.net/rsrc.php/v3/yl/r/T-dLJdg-jrQ.js?_nc_x=Ij3Wp8lg5Kz (342)
[0904/111520.481:INFO:CONSOLE(342)] "[storage] set schema versions: [model-storage,158,fts-storage,8,jobs-storage,1,lru-media-storage-idb,2,offd-storage,4,qpl-storage,0,signal-storage,6,worker-storage,1,sw,2,wawc,14,wawc_db_enc,2]. is worker? true", source: https://static.whatsapp.net/rsrc.php/v3/yl/r/T-dLJdg-jrQ.js?_nc_x=Ij3Wp8lg5Kz (342)
[0904/111522.751:INFO:CONSOLE(342)] "FTS:Delegate: start indexer", source: https://static.whatsapp.net/rsrc.php/v3/yl/r/T-dLJdg-jrQ.js?_nc_x=Ij3Wp8lg5Kz (342)
[0904/111522.753:INFO:CONSOLE(342)] "FTS:Delegate: start perform init", source: https://static.whatsapp.net/rsrc.php/v3/yl/r/T-dLJdg-jrQ.js?_nc_x=Ij3Wp8lg5Kz (342)
[0904/111522.753:INFO:CONSOLE(342)] "FTS:Delegate: schema versions ready", source: https://static.whatsapp.net/rsrc.php/v3/yl/r/T-dLJdg-jrQ.js?_nc_x=Ij3Wp8lg5Kz (342)
[0904/111522.753:INFO:CONSOLE(342)] "FTS:Delegate: before db initialization", source: https://static.whatsapp.net/rsrc.php/v3/yl/r/T-dLJdg-jrQ.js?_nc_x=Ij3Wp8lg5Kz (342)
[0904/111525.015:INFO:CONSOLE(342)] "FTS:Delegate: after db initialization", source: https://static.whatsapp.net/rsrc.php/v3/yl/r/T-dLJdg-jrQ.js?_nc_x=Ij3Wp8lg5Kz (342)
[0904/111525.019:INFO:CONSOLE(342)] "FTS:Manifest Writer: No changes made, current:['3.1', '1'], latest:['3.1', '1']", source: https://static.whatsapp.net/rsrc.php/v3/yl/r/T-dLJdg-jrQ.js?_nc_x=Ij3Wp8lg5Kz (342)
[0904/111525.021:INFO:CONSOLE(342)] "FTS:Delegate: Inited", source: https://static.whatsapp.net/rsrc.php/v3/yl/r/T-dLJdg-jrQ.js?_nc_x=Ij3Wp8lg5Kz (342)
[0904/111525.023:INFO:CONSOLE(342)] "FTS:Delegate: Init indexing ops", source: https://static.whatsapp.net/rsrc.php/v3/yl/r/T-dLJdg-jrQ.js?_nc_x=Ij3Wp8lg5Kz (342)
[0904/111525.054:INFO:CONSOLE(342)] "FTS:Indexer:indexQueuedBatch: Starting new batch size : 1000", source: https://static.whatsapp.net/rsrc.php/v3/yl/r/T-dLJdg-jrQ.js?_nc_x=Ij3Wp8lg5Kz (342)
[0904/111525.058:INFO:CONSOLE(342)] "FTS:Indexer:indexQueuedBatch: Completed", source: https://static.whatsapp.net/rsrc.php/v3/yl/r/T-dLJdg-jrQ.js?_nc_x=Ij3Wp8lg5Kz (342)
[0904/111541.090:INFO:CONSOLE(342)] "FTS:Indexer:indexQueuedBatch: Starting new batch size : 1000", source: https://static.whatsapp.net/rsrc.php/v3/yl/r/T-dLJdg-jrQ.js?_nc_x=Ij3Wp8lg5Kz (342)
[0904/111541.123:INFO:CONSOLE(342)] "FTS:Indexer:indexQueuedBatch: Completed batch", source: https://static.whatsapp.net/rsrc.php/v3/yl/r/T-dLJdg-jrQ.js?_nc_x=Ij3Wp8lg5Kz (342)
[0904/111541.132:INFO:CONSOLE(342)] "FTS:Indexer:indexQueuedBatch: Completed", source: https://static.whatsapp.net/rsrc.php/v3/yl/r/T-dLJdg-jrQ.js?_nc_x=Ij3Wp8lg5Kz (342)
[0904/111541.472:INFO:CONSOLE(342)] "FTS:Indexer:indexQueuedBatch: Starting new batch size : 1000", source: https://static.whatsapp.net/rsrc.php/v3/yl/r/T-dLJdg-jrQ.js?_nc_x=Ij3Wp8lg5Kz (342)
[0904/111541.508:INFO:CONSOLE(342)] "FTS:Indexer:indexQueuedBatch: Completed batch", source: https://static.whatsapp.net/rsrc.php/v3/yl/r/T-dLJdg-jrQ.js?_nc_x=Ij3Wp8lg5Kz (342)
[0904/111541.511:INFO:CONSOLE(342)] "FTS:Indexer:indexQueuedBatch: Completed", source: https://static.whatsapp.net/rsrc.php/v3/yl/r/T-dLJdg-jrQ.js?_nc_x=Ij3Wp8lg5Kz (342)
[0904/111542.296:INFO:CONSOLE(342)] "FTS:Indexer:indexQueuedBatch: Starting new batch size : 1000", source: https://static.whatsapp.net/rsrc.php/v3/yl/r/T-dLJdg-jrQ.js?_nc_x=Ij3Wp8lg5Kz (342)
[0904/111542.325:INFO:CONSOLE(342)] "FTS:Indexer:indexQueuedBatch: Completed", source: https://static.whatsapp.net/rsrc.php/v3/yl/r/T-dLJdg-jrQ.js?_nc_x=Ij3Wp8lg5Kz (342)
[0904/111909.779:INFO:CONSOLE(342)] "FTS:Indexer:indexQueuedBatch: Starting new batch size : 1000", source: https://static.whatsapp.net/rsrc.php/v3/yl/r/T-dLJdg-jrQ.js?_nc_x=Ij3Wp8lg5Kz (342)
[0904/111909.790:INFO:CONSOLE(342)] "FTS:Indexer:indexQueuedBatch: Completed", source: https://static.whatsapp.net/rsrc.php/v3/yl/r/T-dLJdg-jrQ.js?_nc_x=Ij3Wp8lg5Kz (342)
[0904/111938.632:INFO:CONSOLE(342)] "FTS:Indexer:indexQueuedBatch: Starting new batch size : 1000", source: https://static.whatsapp.net/rsrc.php/v3/yl/r/T-dLJdg-jrQ.js?_nc_x=Ij3Wp8lg5Kz (342)
[0904/111938.632:INFO:CONSOLE(342)] "FTS:Indexer:indexQueuedBatch: Completed", source: https://static.whatsapp.net/rsrc.php/v3/yl/r/T-dLJdg-jrQ.js?_nc_x=Ij3Wp8lg5Kz (342)
[0904/112015.806:INFO:CONSOLE(342)] "FTS:Indexer:indexQueuedBatch: Starting new batch size : 1000", source: https://static.whatsapp.net/rsrc.php/v3/yl/r/T-dLJdg-jrQ.js?_nc_x=Ij3Wp8lg5Kz (342)
[0904/112015.806:INFO:CONSOLE(342)] "FTS:Indexer:indexQueuedBatch: Completed", source: https://static.whatsapp.net/rsrc.php/v3/yl/r/T-dLJdg-jrQ.js?_nc_x=Ij3Wp8lg5Kz (342)
[0904/112016.550:INFO:CONSOLE(342)] "FTS:Indexer:indexQueuedBatch: Starting new batch size : 1000", source: https://static.whatsapp.net/rsrc.php/v3/yl/r/T-dLJdg-jrQ.js?_nc_x=Ij3Wp8lg5Kz (342)
[0904/112016.556:INFO:CONSOLE(342)] "FTS:Indexer:indexQueuedBatch: Completed", source: https://static.whatsapp.net/rsrc.php/v3/yl/r/T-dLJdg-jrQ.js?_nc_x=Ij3Wp8lg5Kz (342)
[0904/112017.030:INFO:CONSOLE(342)] "FTS:Indexer:indexQueuedBatch: Starting new batch size : 1000", source: https://static.whatsapp.net/rsrc.php/v3/yl/r/T-dLJdg-jrQ.js?_nc_x=Ij3Wp8lg5Kz (342)
[0904/112017.037:INFO:CONSOLE(342)] "FTS:Indexer:indexQueuedBatch: Completed", source: https://static.whatsapp.net/rsrc.php/v3/yl/r/T-dLJdg-jrQ.js?_nc_x=Ij3Wp8lg5Kz (342)
[0904/112017.601:INFO:CONSOLE(342)] "FTS:Indexer:indexQueuedBatch: Starting new batch size : 1000", source: https://static.whatsapp.net/rsrc.php/v3/yl/r/T-dLJdg-jrQ.js?_nc_x=Ij3Wp8lg5Kz (342)
[0904/112017.610:INFO:CONSOLE(342)] "FTS:Indexer:indexQueuedBatch: Completed", source: https://static.whatsapp.net/rsrc.php/v3/yl/r/T-dLJdg-jrQ.js?_nc_x=Ij3Wp8lg5Kz (342)
[0904/112018.096:INFO:CONSOLE(342)] "FTS:Indexer:indexQueuedBatch: Starting new batch size : 1000", source: https://static.whatsapp.net/rsrc.php/v3/yl/r/T-dLJdg-jrQ.js?_nc_x=Ij3Wp8lg5Kz (342)
[0904/112018.105:INFO:CONSOLE(342)] "FTS:Indexer:indexQueuedBatch: Completed", source: https://static.whatsapp.net/rsrc.php/v3/yl/r/T-dLJdg-jrQ.js?_nc_x=Ij3Wp8lg5Kz (342)
[0904/112443.670:INFO:CONSOLE(342)] "FTS:Indexer:indexQueuedBatch: Starting new batch size : 1000", source: https://static.whatsapp.net/rsrc.php/v3/yl/r/T-dLJdg-jrQ.js?_nc_x=Ij3Wp8lg5Kz (342)
[0904/112443.692:INFO:CONSOLE(342)] "FTS:Indexer:indexQueuedBatch: Completed", source: https://static.whatsapp.net/rsrc.php/v3/yl/r/T-dLJdg-jrQ.js?_nc_x=Ij3Wp8lg5Kz (342)
